\BOOKMARK [0][-]{chapter*.1}{\376\377\000I\000n\000t\000r\000o\000d\000u\000c\000t\000i\000o\000n}{}% 1
\BOOKMARK [0][-]{chapter.1}{\376\377\000T\000a\000s\000k\000\040\000D\000e\000s\000c\000r\000i\000p\000t\000i\000o\000n}{}% 2
\BOOKMARK [1][-]{section.1.1}{\376\377\000B\000a\000c\000k\000g\000r\000o\000u\000n\000d\000\040\000a\000n\000d\000\040\000S\000i\000g\000n\000i\000f\000i\000c\000a\000n\000c\000e\000\040\000o\000f\000\040\000t\000h\000e\000\040\000T\000a\000s\000k}{chapter.1}% 3
\BOOKMARK [1][-]{section.1.2}{\376\377\000I\000n\000t\000r\000o\000d\000u\000c\000t\000i\000o\000n\000\040\000o\000f\000\040\000t\000h\000e\000\040\000S\000o\000u\000r\000c\000e\000\040\000T\000e\000x\000t\000\040\000a\000n\000d\000\040\000I\000t\000s\000\040\000A\000u\000t\000h\000o\000r}{chapter.1}% 4
\BOOKMARK [1][-]{section.1.3}{\376\377\000P\000r\000e\000v\000i\000o\000u\000s\000\040\000S\000t\000u\000d\000i\000e\000s\000\040\000o\000n\000\040\000E\000c\000o\000n\000o\000m\000i\000c\000s\000\040\000T\000e\000x\000t\000\040\000T\000r\000a\000n\000s\000l\000a\000t\000i\000o\000n}{chapter.1}% 5
\BOOKMARK [0][-]{chapter.2}{\376\377\000P\000r\000o\000c\000e\000s\000s\000\040\000D\000e\000s\000c\000r\000i\000p\000t\000i\000o\000n}{}% 6
\BOOKMARK [1][-]{section.2.1}{\376\377\000P\000r\000e\000-\000t\000r\000a\000n\000s\000l\000a\000t\000i\000o\000n\000\040\000P\000r\000e\000p\000a\000r\000a\000t\000i\000o\000n\000s}{chapter.2}% 7
\BOOKMARK [1][-]{section.2.2}{\376\377\000D\000u\000r\000i\000n\000g\000-\000t\000r\000a\000n\000s\000l\000a\000t\000i\000o\000n}{chapter.2}% 8
\BOOKMARK [1][-]{section.2.3}{\376\377\000\040\000D\000i\000f\000f\000i\000c\000u\000l\000t\000i\000e\000s\000\040\000i\000n\000\040\000T\000r\000a\000n\000s\000l\000a\000t\000i\000o\000n}{chapter.2}% 9
\BOOKMARK [0][-]{chapter.3}{\376\377\000G\000u\000i\000d\000i\000n\000g\000\040\000T\000h\000e\000o\000r\000y}{}% 10
\BOOKMARK [1][-]{section.3.1}{\376\377\000O\000v\000e\000r\000v\000i\000e\000w\000\040\000o\000f\000\040\000F\000u\000n\000c\000t\000i\000o\000n\000a\000l\000\040\000G\000r\000a\000m\000m\000a\000r}{chapter.3}% 11
\BOOKMARK [1][-]{section.3.2}{\376\377\000T\000h\000r\000e\000e\000\040\000M\000e\000t\000a\000-\000f\000u\000n\000c\000t\000i\000o\000n\000s}{chapter.3}% 12
\BOOKMARK [0][-]{chapter.4}{\376\377\000C\000a\000s\000e\000\040\000A\000n\000a\000l\000y\000s\000i\000s}{}% 13
\BOOKMARK [1][-]{section.4.1}{\376\377\000I\000d\000e\000a\000t\000i\000o\000n\000a\000l\000\040\000F\000u\000n\000c\000t\000i\000o\000n\000\040\000a\000n\000d\000\040\000T\000r\000a\000n\000s\000l\000a\000t\000i\000o\000n\000\040\000o\000f\000\040\000A\000c\000a\000d\000e\000m\000i\000c\000\040\000L\000i\000t\000e\000r\000a\000t\000u\000r\000e\000\040\000o\000n\000\040\000E\000c\000o\000n\000o\000m\000i\000c\000s}{chapter.4}% 14
\BOOKMARK [1][-]{section.4.2}{\376\377\000I\000n\000t\000e\000r\000p\000e\000r\000s\000o\000n\000a\000l\000\040\000F\000u\000n\000c\000t\000i\000o\000n\000\040\000a\000n\000d\000\040\000T\000r\000a\000n\000s\000l\000a\000t\000i\000o\000n\000\040\000o\000f\000\040\000A\000c\000a\000d\000e\000m\000i\000c\000\040\000L\000i\000t\000e\000r\000a\000t\000u\000r\000e\000\040\000o\000n\000\040\000E\000c\000o\000n\000o\000m\000i\000c\000s}{chapter.4}% 15
\BOOKMARK [1][-]{section.4.3}{\376\377\000T\000e\000x\000t\000u\000a\000l\000\040\000F\000u\000n\000c\000t\000i\000o\000n\000\040\000a\000n\000d\000\040\000T\000r\000a\000n\000s\000l\000a\000t\000i\000o\000n\000\040\000o\000f\000\040\000A\000c\000a\000d\000e\000m\000i\000c\000\040\000L\000i\000t\000e\000r\000a\000t\000u\000r\000e\000\040\000o\000n\000\040\000E\000c\000o\000n\000o\000m\000i\000c\000s}{chapter.4}% 16
\BOOKMARK [0][-]{chapter*.2}{\376\377\000S\000u\000m\000m\000a\000r\000y}{}% 17
\BOOKMARK [0][-]{appendix*.4}{\376\377\000A\000p\000p\000e\000n\000d\000i\000x\000\040\000A}{}% 18
\BOOKMARK [0][-]{appendix*.5}{\376\377\000A\000p\000p\000e\000n\000d\000i\000x\000\040\000B}{}% 19
\BOOKMARK [0][-]{appendix*.6}{\376\377\000A\000c\000k\000n\000o\000w\000l\000e\000d\000g\000e\000m\000e\000n\000t\000s}{}% 20
