\BOOKMARK [0][-]{chapter.1}{\376\377\137\025\212\000}{}% 1
\BOOKMARK [1][-]{section.1.1}{\376\377\213\272\145\207\116\073\211\201\220\350\122\006\166\204\121\231\154\325}{chapter.1}% 2
\BOOKMARK [2][-]{subsection.1.1.1}{\376\377\213\272\145\207\166\204\213\355\212\000\123\312\210\150\217\360}{section.1.1}% 3
\BOOKMARK [2][-]{subsection.1.1.2}{\376\377\213\272\145\207\230\230\166\356\166\204\121\231\154\325}{section.1.1}% 4
\BOOKMARK [2][-]{subsection.1.1.3}{\376\377\144\130\211\201\166\204\121\231\154\325}{section.1.1}% 5
\BOOKMARK [2][-]{subsection.1.1.4}{\376\377\137\025\212\000\166\204\121\231\154\325}{section.1.1}% 6
\BOOKMARK [2][-]{subsection.1.1.5}{\376\377\153\143\145\207\166\204\121\231\154\325}{section.1.1}% 7
\BOOKMARK [2][-]{subsection.1.1.6}{\376\377\176\323\213\272\166\204\121\231\154\325}{section.1.1}% 8
\BOOKMARK [0][-]{chapter.2}{\376\377\116\000\176\247\230\230\166\356}{}% 9
\BOOKMARK [1][-]{section.2.1}{\376\377\116\214\176\247\230\230\166\356}{chapter.2}% 10
\BOOKMARK [2][-]{subsection.2.1.1}{\376\377\116\011\176\247\230\230\166\356}{section.2.1}% 11
\BOOKMARK [1][-]{section.2.2}{\376\377\210\150\000-\171\072\117\213}{chapter.2}% 12
\BOOKMARK [1][-]{section.2.3}{\376\377\210\150\150\074\000-\171\072\117\213}{chapter.2}% 13
\BOOKMARK [1][-]{section.2.4}{\376\377\117\052\116\343\170\001\000-\171\072\117\213}{chapter.2}% 14
\BOOKMARK [1][-]{section.2.5}{\376\377\116\343\170\001\127\127\000-\171\072\117\213}{chapter.2}% 15
\BOOKMARK [0][-]{chapter.3}{\376\377\173\054\116\000\172\340}{}% 16
\BOOKMARK [1][-]{section.3.1}{\376\377\213\272\145\207\116\073\211\201\220\350\122\006\166\204\121\231\154\325}{chapter.3}% 17
\BOOKMARK [2][-]{subsection.3.1.1}{\376\377\213\272\145\207\166\204\213\355\212\000\123\312\210\150\217\360}{section.3.1}% 18
\BOOKMARK [2][-]{subsection.3.1.2}{\376\377\213\272\145\207\230\230\166\356\166\204\121\231\154\325}{section.3.1}% 19
\BOOKMARK [2][-]{subsection.3.1.3}{\376\377\144\130\211\201\166\204\121\231\154\325}{section.3.1}% 20
\BOOKMARK [2][-]{subsection.3.1.4}{\376\377\137\025\212\000\166\204\121\231\154\325}{section.3.1}% 21
\BOOKMARK [2][-]{subsection.3.1.5}{\376\377\153\143\145\207\166\204\121\231\154\325}{section.3.1}% 22
\BOOKMARK [2][-]{subsection.3.1.6}{\376\377\176\323\213\272\166\204\121\231\154\325}{section.3.1}% 23
\BOOKMARK [0][-]{chapter.4}{\376\377\126\376\162\107\117\177\165\050}{}% 24
\BOOKMARK [1][-]{section.4.1}{\376\377\143\322\126\376}{chapter.4}% 25
\BOOKMARK [0][-]{chapter*.10}{\376\377\176\323\000\040\000\040\000\040\000\040\213\272}{}% 26
\BOOKMARK [0][-]{chapter*.11}{\376\377\123\302\200\003\145\207\163\056\117\177\165\050\211\304\122\031}{}% 27
\BOOKMARK [0][-]{chapter*.12}{\376\377\123\302\200\003\145\207\163\056}{}% 28
\BOOKMARK [0][-]{chapter*.13}{\376\377\226\104\137\125\000A\000\040\000\040\000\040\000\040\226\104\137\125\121\205\133\271\166\204\124\015\171\360}{}% 29
\BOOKMARK [0][-]{chapter*.14}{\376\377\201\364\000\040\000\040\000\040\000\040\214\042}{}% 30
