\BOOKMARK [0][-]{chapter.1}{\376\377\137\025\212\000}{}% 1
\BOOKMARK [1][-]{section.1.1}{\376\377\213\272\145\207\116\073\211\201\220\350\122\006\166\204\121\231\154\325}{chapter.1}% 2
\BOOKMARK [2][-]{subsection.1.1.1}{\376\377\213\272\145\207\166\204\213\355\212\000\123\312\210\150\217\360}{section.1.1}% 3
\BOOKMARK [2][-]{subsection.1.1.2}{\376\377\213\272\145\207\230\230\166\356\166\204\121\231\154\325}{section.1.1}% 4
\BOOKMARK [2][-]{subsection.1.1.3}{\376\377\144\130\211\201\166\204\121\231\154\325}{section.1.1}% 5
\BOOKMARK [2][-]{subsection.1.1.4}{\376\377\137\025\212\000\166\204\121\231\154\325}{section.1.1}% 6
\BOOKMARK [2][-]{subsection.1.1.5}{\376\377\153\143\145\207\166\204\121\231\154\325}{section.1.1}% 7
\BOOKMARK [2][-]{subsection.1.1.6}{\376\377\176\323\213\272\166\204\121\231\154\325}{section.1.1}% 8
\BOOKMARK [0][-]{chapter.2}{\376\377\173\054\116\000\172\340}{}% 9
\BOOKMARK [1][-]{section.2.1}{\376\377\213\272\145\207\116\073\211\201\220\350\122\006\166\204\121\231\154\325}{chapter.2}% 10
\BOOKMARK [2][-]{subsection.2.1.1}{\376\377\213\272\145\207\166\204\213\355\212\000\123\312\210\150\217\360}{section.2.1}% 11
\BOOKMARK [2][-]{subsection.2.1.2}{\376\377\213\272\145\207\230\230\166\356\166\204\121\231\154\325}{section.2.1}% 12
\BOOKMARK [2][-]{subsection.2.1.3}{\376\377\144\130\211\201\166\204\121\231\154\325}{section.2.1}% 13
\BOOKMARK [2][-]{subsection.2.1.4}{\376\377\137\025\212\000\166\204\121\231\154\325}{section.2.1}% 14
\BOOKMARK [2][-]{subsection.2.1.5}{\376\377\153\143\145\207\166\204\121\231\154\325}{section.2.1}% 15
\BOOKMARK [2][-]{subsection.2.1.6}{\376\377\176\323\213\272\166\204\121\231\154\325}{section.2.1}% 16
\BOOKMARK [0][-]{chapter.3}{\376\377\143\322\126\376}{}% 17
\BOOKMARK [0][-]{chapter.4}{\376\377\145\160\133\146\121\154\137\017\220\350\122\006}{}% 18
\BOOKMARK [1][-]{section.4.1}{\376\377\145\160\133\146\173\046\123\367\124\214\121\154\137\017}{chapter.4}% 19
\BOOKMARK [2][-]{subsection.4.1.1}{\376\377\150\007\121\306}{section.4.1}% 20
\BOOKMARK [2][-]{subsection.4.1.2}{\376\377\000T\000e\000X\127\372\170\100\144\315\117\134}{section.4.1}% 21
\BOOKMARK [2][-]{subsection.4.1.3}{\376\377\145\160\133\146\121\154\137\017}{section.4.1}% 22
\BOOKMARK [2][-]{subsection.4.1.4}{\376\377\145\160\133\146\133\232\164\006}{section.4.1}% 23
\BOOKMARK [0][-]{chapter.5}{\376\377\210\150\150\074\116\016\173\227\154\325}{}% 24
\BOOKMARK [1][-]{section.5.1}{\376\377\210\150\150\074}{chapter.5}% 25
\BOOKMARK [1][-]{section.5.2}{\376\377\117\052\116\343\170\001}{chapter.5}% 26
\BOOKMARK [1][-]{section.5.3}{\376\377\116\343\170\001\171\072\117\213}{chapter.5}% 27
